c:\users\jacob zamora\riverengine\gameengine\release\gameengine.pdb
c:\users\jacob zamora\riverengine\gameengine\release\transform.obj
c:\users\jacob zamora\riverengine\gameengine\release\sprite.obj
c:\users\jacob zamora\riverengine\gameengine\release\scene.obj
c:\users\jacob zamora\riverengine\gameengine\release\input.obj
c:\users\jacob zamora\riverengine\gameengine\release\entity.obj
c:\users\jacob zamora\riverengine\gameengine\release\engine.obj
c:\users\jacob zamora\riverengine\gameengine\release\component.obj
c:\users\jacob zamora\riverengine\gameengine\release\lobject.obj
c:\users\jacob zamora\riverengine\gameengine\release\loadlib.obj
c:\users\jacob zamora\riverengine\gameengine\release\lmem.obj
c:\users\jacob zamora\riverengine\gameengine\release\lmathlib.obj
c:\users\jacob zamora\riverengine\gameengine\release\llex.obj
c:\users\jacob zamora\riverengine\gameengine\release\liolib.obj
c:\users\jacob zamora\riverengine\gameengine\release\linit.obj
c:\users\jacob zamora\riverengine\gameengine\release\lgc.obj
c:\users\jacob zamora\riverengine\gameengine\release\lfunc.obj
c:\users\jacob zamora\riverengine\gameengine\release\ldump.obj
c:\users\jacob zamora\riverengine\gameengine\release\ldo.obj
c:\users\jacob zamora\riverengine\gameengine\release\ldebug.obj
c:\users\jacob zamora\riverengine\gameengine\release\ldblib.obj
c:\users\jacob zamora\riverengine\gameengine\release\lctype.obj
c:\users\jacob zamora\riverengine\gameengine\release\lcorolib.obj
c:\users\jacob zamora\riverengine\gameengine\release\lcode.obj
c:\users\jacob zamora\riverengine\gameengine\release\lbitlib.obj
c:\users\jacob zamora\riverengine\gameengine\release\lbaselib.obj
c:\users\jacob zamora\riverengine\gameengine\release\lauxlib.obj
c:\users\jacob zamora\riverengine\gameengine\release\lapi.obj
c:\users\jacob zamora\riverengine\gameengine\release\lzio.obj
c:\users\jacob zamora\riverengine\gameengine\release\lvm.obj
c:\users\jacob zamora\riverengine\gameengine\release\lutf8lib.obj
c:\users\jacob zamora\riverengine\gameengine\release\lundump.obj
c:\users\jacob zamora\riverengine\gameengine\release\luac.obj
c:\users\jacob zamora\riverengine\gameengine\release\lua.obj
c:\users\jacob zamora\riverengine\gameengine\release\ltm.obj
c:\users\jacob zamora\riverengine\gameengine\release\ltablib.obj
c:\users\jacob zamora\riverengine\gameengine\release\ltable.obj
c:\users\jacob zamora\riverengine\gameengine\release\lstrlib.obj
c:\users\jacob zamora\riverengine\gameengine\release\lstring.obj
c:\users\jacob zamora\riverengine\gameengine\release\lstate.obj
c:\users\jacob zamora\riverengine\gameengine\release\lparser.obj
c:\users\jacob zamora\riverengine\gameengine\release\loslib.obj
c:\users\jacob zamora\riverengine\gameengine\release\lopcodes.obj
c:\users\jacob zamora\riverengine\release\gameengine.lib
c:\users\jacob zamora\riverengine\gameengine\release\gameengine.tlog\cl.command.1.tlog
c:\users\jacob zamora\riverengine\gameengine\release\gameengine.tlog\cl.read.1.tlog
c:\users\jacob zamora\riverengine\gameengine\release\gameengine.tlog\cl.write.1.tlog
c:\users\jacob zamora\riverengine\gameengine\release\gameengine.tlog\lib-link.4492.read.1.tlog
c:\users\jacob zamora\riverengine\gameengine\release\gameengine.tlog\lib-link.4492.write.1.tlog
c:\users\jacob zamora\riverengine\gameengine\release\gameengine.tlog\lib.command.1.tlog
