d:\riverengine\renderenginedx12\release\renderenginedx12.pch
d:\riverengine\renderenginedx12\release\vc140.pdb
d:\riverengine\renderenginedx12\release\pch.obj
d:\riverengine\renderenginedx12\release\renderablemanager.obj
d:\riverengine\renderenginedx12\release\main.obj
d:\riverengine\renderenginedx12\release\inputmanager.obj
d:\riverengine\renderenginedx12\release\game.obj
d:\riverengine\release\renderenginedx12.exe
d:\riverengine\release\renderenginedx12.ipdb
d:\riverengine\release\renderenginedx12.iobj
d:\riverengine\release\renderenginedx12.pdb
d:\riverengine\renderenginedx12\release\resource.res
c:\users\jacob zamora\riverengine\renderenginedx12\release\resource.res
c:\users\jacob zamora\riverengine\renderenginedx12\release\vc140.pdb
c:\users\jacob zamora\riverengine\release\renderenginedx12.pdb
c:\users\jacob zamora\riverengine\renderenginedx12\release\renderenginedx12.tlog\cl.command.1.tlog
c:\users\jacob zamora\riverengine\renderenginedx12\release\renderenginedx12.tlog\cl.read.1.tlog
c:\users\jacob zamora\riverengine\renderenginedx12\release\renderenginedx12.tlog\cl.write.1.tlog
c:\users\jacob zamora\riverengine\renderenginedx12\release\renderenginedx12.tlog\link.command.1.tlog
c:\users\jacob zamora\riverengine\renderenginedx12\release\renderenginedx12.tlog\link.read.1.tlog
c:\users\jacob zamora\riverengine\renderenginedx12\release\renderenginedx12.tlog\link.write.1.tlog
c:\users\jacob zamora\riverengine\renderenginedx12\release\renderenginedx12.tlog\rc.command.1.tlog
c:\users\jacob zamora\riverengine\renderenginedx12\release\renderenginedx12.tlog\rc.read.1.tlog
c:\users\jacob zamora\riverengine\renderenginedx12\release\renderenginedx12.tlog\rc.write.1.tlog
